ets Jun  8 2016 00:22:57

rst:0x10 (RTCWDT_RTC_RESET),boot:0x13 (SPI_FAST_FLASH_BOOT)
configsip: 0, SPIWP:0xee
clk_drv:0x00,q_drv:0x00,d_drv:0x00,cs0_drv:0x00,hd_drv:0x00,wp_drv:0x00
mode:DIO, clock div:2
load:0x3fff0030,len:4
load:0x3fff0034,len:7004
load:0x40078000,len:14412
ho 0 tail 12 room 4
load:0x40080400,len:3916
entry 0x40080678
I (31) boot: ESP-IDF v4.2-dev-910-g4fe04f115 2nd stage bootloader
I (31) boot: compile time 18:33:31
I (31) boot: chip revision: 0
I (35) boot.esp32: SPI Speed      : 40MHz
I (40) boot.esp32: SPI Mode       : DIO
I (44) boot.esp32: SPI Flash Size : 4MB
I (49) boot: Enabling RNG early entropy source...
I (54) boot: Partition Table:
I (58) boot: ## Label            Usage          Type ST Offset   Length
I (65) boot:  0 nvs              WiFi data        01 02 00009000 00006000
I (73) boot:  1 phy_init         RF data          01 01 0000f000 00001000
I (80) boot:  2 factory          factory app      00 00 00010000 00100000
I (88) boot: End of partition table
I (92) esp_image: segment 0: paddr=0x00010020 vaddr=0x3f400020 size=0x24de0 (151008) map
I (156) esp_image: segment 1: paddr=0x00034e08 vaddr=0x3ffb0000 size=0x03bd0 ( 15312) load
I (162) esp_image: segment 2: paddr=0x000389e0 vaddr=0x40080000 size=0x00400 (  1024) load
I (163) esp_image: segment 3: paddr=0x00038de8 vaddr=0x40080400 size=0x07230 ( 29232) load
I (184) esp_image: segment 4: paddr=0x00040020 vaddr=0x400d0020 size=0x9fe34 (654900) map
I (422) esp_image: segment 5: paddr=0x000dfe5c vaddr=0x40087630 size=0x0de9c ( 56988) load
I (457) boot: Loaded app from partition at offset 0x10000
I (457) boot: Disabling RNG early entropy source...
I (458) cpu_start: Pro cpu up.
I (461) cpu_start: Application information:
I (466) cpu_start: Project name:     nanoAkka
I (471) cpu_start: App version:      bfa1354-dirty
I (477) cpu_start: Compile time:     Mar 29 2020 00:42:05
I (483) cpu_start: ELF file SHA256:  d9da01d58dd278a8...
I (489) cpu_start: ESP-IDF:          v4.2-dev-910-g4fe04f115
I (495) cpu_start: Starting app cpu, entry point is 0x400812e0
I (0) cpu_start: App cpu up.
I (506) heap_init: Initializing. RAM available for dynamic allocation:
I (513) heap_init: At 3FFAE6E0 len 00001920 (6 KiB): DRAM
I (519) heap_init: At 3FFBB358 len 00024CA8 (147 KiB): DRAM
I (525) heap_init: At 3FFE0440 len 00003AE0 (14 KiB): D/IRAM
I (531) heap_init: At 3FFE4350 len 0001BCB0 (111 KiB): D/IRAM
I (538) heap_init: At 400954CC len 0000AB34 (42 KiB): IRAM
I (544) cpu_start: Pro cpu start user code
I (563) spi_flash: detected chip: gd
I (564) spi_flash: flash io: dio
I (564) cpu_start: Starting scheduler on PRO CPU.
I (0) cpu_start: Starting scheduler on APP CPU.
  3FFBDA44 I |       11 | drive |        main.cpp: 178 | drive : Mar 29 2020 00:44:34 
  3FFBDA44 I |      129 | drive |        main.cpp: 192 |  time taken for 100000 iterations : 111 msec  = 900 msg/msec
  3FFBDA44 I |      241 | drive |        main.cpp: 192 |  time taken for 100000 iterations : 111 msec  = 900 msg/msec
  3FFBDA44 I |      353 | drive |        main.cpp: 192 |  time taken for 100000 iterations : 112 msec  = 892 msg/msec
  3FFBDA44 I |      465 | drive |        main.cpp: 192 |  time taken for 100000 iterations : 111 msec  = 900 msg/msec
  3FFBDA44 I |      576 | drive |        main.cpp: 192 |  time taken for 100000 iterations : 111 msec  = 900 msg/msec
I (1708) gpio: GPIO[2]| InputEn: 0| OutputEn: 1| OpenDrain: 0| Pullup: 1| Pulldown: 1| Intr:0 
I (1758) wifi:wifi driver task: 3ffc37b4, prio:23, stack:3584, core=0
I (1758) system_api: Base MAC address is not set
I (1758) system_api: read default base MAC address from EFUSE
I (1778) wifi:wifi firmware version: 89341b9
I (1778) wifi:wifi certification version: v7.0
I (1778) wifi:config NVS flash: enabled
I (1778) wifi:config nano formating: disabled
I (1788) wifi:Init dynamic tx buffer num: 32
I (1788) wifi:Init data frame dynamic rx buffer num: 32
I (1798) wifi:Init management frame dynamic rx buffer num: 32
I (1798) wifi:Init management short buffer num: 32
I (1808) wifi:Init static rx buffer size: 1600
I (1808) wifi:Init static rx buffer num: 10
I (1818) wifi:Init dynamic rx buffer num: 32
I (1918) phy: phy_version: 4180, cb3948e, Sep 12 2019, 16:39:13, 0, 0
I (1918) wifi:mode : sta (30:ae:a4:03:ec:98)
  3FFC1CBC I |      796 | drive |        Wifi.cpp:  92 | WIFI_EVENT_STA_START
  3FFC1CBC I |      798 | drive |        Wifi.cpp: 161 |  starting WiFi scan.
  3FFBDA44 I |      807 | drive |    MqttWifi.cpp:  42 |  uri : mqtt://limero.ddns.net:1883 
  3FFBDA44 I |      816 | drive | Hardware_ESP32.cpp: 429 |  ADC init() pin 39 
  3FFBDA44 I |      821 | drive | Hardware_ESP32.cpp: 429 |  ADC init() pin 35 
  3FFBDA44 I |      827 | drive | Hardware_ESP32.cpp: 429 |  ADC init() pin 35 
  3FFBDA44 I |      834 | drive | Hardware_ESP32.cpp: 148 |  DigitalOut Init 22 
I (1968) gpio: GPIO[22]| InputEn: 0| OutputEn: 1| OpenDrain: 0| Pullup: 0| Pulldown: 0| Intr:0 
  3FFBDA44 I |      851 | drive | Hardware_ESP32.cpp: 148 |  DigitalOut Init 33 
I (1988) gpio: GPIO[33]| InputEn: 0| OutputEn: 1| OpenDrain: 0| Pullup: 0| Pulldown: 0| Intr:0 
  3FFBDA44 I |      867 | drive |     BTS7960.cpp: 260 |  BTS7960 PWM[1] PWM : GPIO_18,16 enable : GPIO_22,33 
  3FFBDA44 I |      878 | drive |          Mqtt.h:  72 |  created MqttFlow : servo/KI 
  3FFBDA44 I |      884 | drive |          Mqtt.h:  72 |  created MqttFlow : servo/KP 
  3FFBDA44 I |      892 | drive |          Mqtt.h:  72 |  created MqttFlow : servo/KD 
  3FFBDA44 I |      900 | drive |          Mqtt.h:  72 |  created MqttFlow : servo/current 
  3FFBDA44 I |      908 | drive |          Mqtt.h:  72 |  created MqttFlow : servo/angleTarget 
  3FFBE1A8 I |      917 | drive |    NanoAkka.cpp:  50 | Thread 'led' started 
  3FFBE1A8 I |      923 | drive |    NanoAkka.cpp:  50 | Thread 'mqtt' started 
  3FFBE1A8 I |      930 | drive |    NanoAkka.cpp:  50 | Thread 'echo' started 
  3FFBE1A8 I |      937 | drive |    NanoAkka.cpp:  77 | Timer[3FFB58E0] already expired by 624 msec on thread 'led'.
  3FFBE1A8 I |      947 | drive |    NanoAkka.cpp:  77 | Timer[3FFB4250] already expired by 829 msec on thread 'mqtt'.
  3FFBDA44 I |      958 | drive |    NanoAkka.cpp:  50 | Thread 'main' started 
  3FFBDA44 I |     1817 | drive |       Servo.cpp: 105 | angle 7/0 = 0.00 => pwm : -15.40 = 0.00 + -1.40 + 0.00 491 
  3FFBDA44 I |     2819 | drive |       Servo.cpp: 105 | angle 0/0 = 0.00 => pwm : -3.05 = 0.00 + -3.05 + 0.00 453 
  3FFC1CBC I |     2861 | drive |        Wifi.cpp:  77 | WIFI_EVENT_SCAN_DONE
  3FFC1CBC I |     2862 | drive |        Wifi.cpp: 133 |  found 5 AP's , size : 80 
  3FFC1CBC I |     2866 | drive |        Wifi.cpp: 143 |  Merckx2 : -31 
  3FFC1CBC I |     2871 | drive |        Wifi.cpp: 143 |  Merckx10 : -42 
  3FFC1CBC I |     2878 | drive |        Wifi.cpp: 143 |  Merckx3 : -60 
  3FFC1CBC I |     2884 | drive |        Wifi.cpp: 143 |  ESP_D91EA7 : -81 
  3FFC1CBC I |     2891 | drive |        Wifi.cpp: 143 |  Merckx2Ext : -88 
  3FFC1CBC I |     2898 | drive |        Wifi.cpp: 155 |  found strongest AP : 'Merckx2'.
  3FFC1CBC I |     2905 | drive |        Wifi.cpp: 116 |  connecting to SSID : Merckx2
I (4168) wifi:new:<4,0>, old:<1,0>, ap:<255,255>, sta:<4,0>, prof:1
I (4168) wifi:state: init -> auth (b0)
I (4168) wifi:state: auth -> assoc (0)
I (4178) wifi:state: assoc -> run (10)
I (4188) wifi:connected with Merckx2, aid = 7, channel 4, BW20, bssid = 00:23:cd:19:fc:f5
I (4188) wifi:security type: 4, phy: bgn, rssi: -38
I (4198) wifi:pm start, type: 1

  3FFC1CBC I |     3071 | drive |        Wifi.cpp:  98 | WIFI_EVENT_STA_CONNECTED
I (4278) wifi:AP's beacon interval = 102400 us, DTIM period = 1
  3FFBDA44 I |     3816 | drive |        main.cpp: 225 |  ovfl : 0 busyPop : 0 busyPush : 0 threadQovfl : 0  
  3FFBDA44 I |     3820 | drive |       Servo.cpp: 105 | angle 2/0 = 0.00 => pwm : -7.40 = 0.00 + -3.40 + 0.00 465 
I (5248) esp_netif_handlers: sta ip: 192.168.0.248, mask: 255.255.255.0, gw: 192.168.0.1
  3FFC1CBC I |     4120 | drive |        Wifi.cpp:  49 | IP_EVENT_STA_GOT_IP
  3FFBDA44 I |     4125 | drive |    MqttWifi.cpp:  59 | WiFi connected 226 
  3FFDE83C I |     4131 | drive |    MqttWifi.cpp: 105 | MQTT_EVENT_BEFORE_CONNECT
I (5308) MQTT_CLIENT: Sending MQTT CONNECT message, type: 1, id: 0000
  3FFDE83C I |     4203 | drive |    MqttWifi.cpp: 109 | MQTT_EVENT_CONNECTED to mqtt://limero.ddns.net:1883
  3FFDE83C I |     4204 | drive |    MqttWifi.cpp: 110 |  session : 0 0 
  3FFC37B4 I |     4212 | drive |    MqttWifi.cpp: 193 | Subscribing to topic dst/drive 
  3FFDE83C I |     4218 | drive |    MqttWifi.cpp: 193 | Subscribing to topic dst/drive/# 
  3FFDE83C I |     4241 | drive |    MqttWifi.cpp: 126 | MQTT_EVENT_SUBSCRIBED, msg_id=24908
  3FFBE1A8 I |     4268 | drive |    MqttWifi.cpp: 126 | MQTT_EVENT_SUBSCRIBED, msg_id=16882
  3FFBDA44 I |     4827 | drive |       Servo.cpp: 105 | angle 0/0 = 0.00 => pwm : -3.85 = 0.00 + -3.85 + 0.00 447 
  3FFBDA44 I |     5830 | drive |       Servo.cpp: 105 | angle 0/0 = 0.00 => pwm : -3.85 = 0.00 + -3.85 + 0.00 446 
  3FFBDA44 I |     6816 | drive |        main.cpp: 225 |  ovfl : 0 busyPop : 0 busyPush : 0 threadQovfl : 0  
  3FFBDA44 I |     6834 | drive |       Servo.cpp: 105 | angle 0/0 = 0.00 => pwm : -3.85 = 0.00 + -3.85 + 0.00 447 
  3FFBDA44 I |     7838 | drive |       Servo.cpp: 105 | angle 0/0 = 0.00 => pwm : -3.85 = 0.00 + -3.85 + 0.00 448 
  3FFBDA44 I |     8841 | drive |       Servo.cpp: 105 | angle 0/0 = 0.00 => pwm : -3.85 = 0.00 + -3.85 + 0.00 448 
  3FFBDA44 I |     9816 | drive |        main.cpp: 225 |  ovfl : 0 busyPop : 0 busyPush : 0 threadQovfl : 0  
  3FFBDA44 I |     9844 | drive |       Servo.cpp: 105 | angle 0/0 = 0.00 => pwm : -3.85 = 0.00 + -3.85 + 0.00 447 
  3FFBDA44 W |    10528 | drive |    NanoAkka.cpp:  81 | Timer [3FFCEB10] request slow 11 msec on thread 'main'
  3FFBDA44 I |    10848 | drive |       Servo.cpp: 105 | angle 1/0 = 0.00 => pwm : -6.10 = 0.00 + -4.10 + 0.00 452 
  3FFBDA44 I |    11852 | drive |       Servo.cpp: 105 | angle 1/0 = 0.00 => pwm : -6.25 = 0.00 + -4.25 + 0.00 454 
  3FFBDA44 I |    12816 | drive |        main.cpp: 225 |  ovfl : 0 busyPop : 0 busyPush : 0 threadQovfl : 0  
  3FFBDA44 I |    12859 | drive |       Servo.cpp: 105 | angle 0/0 = 0.00 => pwm : -4.45 = 0.00 + -4.45 + 0.00 458 
  3FFDE83C I |    13310 | drive |    MqttWifi.cpp: 159 | MQTT RXD topic : servo/angleTarget , message  : 40
  3FFBDA44 I |    13862 | drive |       Servo.cpp: 105 | angle 1/40 = 0.00 => pwm : 20.00 = 0.00 + 7.25 + 0.00 453 
  3FFBDA44 I |    14865 | drive |       Servo.cpp: 105 | angle 0/40 = 0.00 => pwm : 20.00 = 0.00 + 20.00 + 0.00 448 
  3FFBDA44 I |    15816 | drive |        main.cpp: 225 |  ovfl : 0 busyPop : 0 busyPush : 0 threadQovfl : 0  
  3FFBDA44 I |    15868 | drive |       Servo.cpp: 105 | angle 0/40 = 0.00 => pwm : 20.00 = 0.00 + 20.00 + 0.00 447 
  3FFBDA44 I |    16873 | drive |       Servo.cpp: 105 | angle 0/40 = 0.00 => pwm : 20.00 = 0.00 + 20.00 + 0.00 446 
  3FFBDA44 I |    17877 | drive |       Servo.cpp: 105 | angle 0/40 = 0.00 => pwm : 20.00 = 0.00 + 20.00 + 0.00 447 
  3FFBDA44 I |    18816 | drive |        main.cpp: 225 |  ovfl : 0 busyPop : 0 busyPush : 0 threadQovfl : 0  
  3FFBDA44 I |    18880 | drive |       Servo.cpp: 105 | angle 0/40 = 0.00 => pwm : 20.00 = 0.00 + 20.00 + 0.00 460 
  3FFBDA44 I |    19884 | drive |       Servo.cpp: 105 | angle 1/40 = 0.00 => pwm : 20.00 = 0.00 + 20.00 + 0.00 447 
  3FFBDA44 I |    20889 | drive |       Servo.cpp: 105 | angle 0/40 = 0.00 => pwm : 20.00 = 0.00 + 20.00 + 0.00 445 
  3FFBDA44 I |    21816 | drive |        main.cpp: 225 |  ovfl : 0 busyPop : 0 busyPush : 0 threadQovfl : 0  
  3FFBDA44 I |    21893 | drive |       Servo.cpp: 105 | angle 0/40 = 0.00 => pwm : 20.00 = 0.00 + 20.00 + 0.00 447 
  3FFBDA44 I |    22897 | drive |       Servo.cpp: 105 | angle 0/40 = 0.00 => pwm : 20.00 = 0.00 + 20.00 + 0.00 447 
  3FFBDA44 I |    23900 | drive |       Servo.cpp: 105 | angle 0/40 = 0.00 => pwm : 20.00 = 0.00 + 20.00 + 0.00 452 
  3FFDE83C I |    24448 | drive |    MqttWifi.cpp: 159 | MQTT RXD topic : servo/angleTarget , message  : -40
  3FFBDA44 I |    24816 | drive |        main.cpp: 225 |  ovfl : 0 busyPop : 0 busyPush : 0 threadQovfl : 0  
  3FFBDA44 I |    24905 | drive |       Servo.cpp: 105 | angle 0/-40 = 0.00 => pwm : -20.00 = 0.00 + 11.80 + 0.00 448 
  3FFBDA44 I |    25910 | drive |       Servo.cpp: 105 | angle 0/-40 = 0.00 => pwm : -20.00 = 0.00 + -8.20 + 0.00 447 
  3FFBDA44 I |    26916 | drive |       Servo.cpp: 105 | angle 0/-40 = 0.00 => pwm : -20.00 = 0.00 + -20.00 + 0.00 447 
  3FFBDA44 I |    27816 | drive |        main.cpp: 225 |  ovfl : 0 busyPop : 0 busyPush : 0 threadQovfl : 0  
  3FFBDA44 I |    27924 | drive |       Servo.cpp: 105 | angle 0/-40 = 0.00 => pwm : -20.00 = 0.00 + -20.00 + 0.00 447 
  3FFBDA44 I |    28927 | drive |       Servo.cpp: 105 | angle 0/-40 = 0.00 => pwm : -20.00 = 0.00 + -20.00 + 0.00 447 
  3FFBDA44 I |    29930 | drive |       Servo.cpp: 105 | angle 0/-40 = 0.00 => pwm : -20.00 = 0.00 + -20.00 + 0.00 451 
  3FFBDA44 I |    30816 | drive |        main.cpp: 225 |  ovfl : 0 busyPop : 0 busyPush : 0 threadQovfl : 0  
  3FFBDA44 I |    30934 | drive |       Servo.cpp: 105 | angle 0/-40 = 0.00 => pwm : -20.00 = 0.00 + -20.00 + 0.00 447 
  3FFBDA44 I |    31939 | drive |       Servo.cpp: 105 | angle 0/-40 = 0.00 => pwm : -20.00 = 0.00 + -20.00 + 0.00 447 
  3FFBDA44 I |    32941 | drive |       Servo.cpp: 105 | angle 0/-40 = 0.00 => pwm : -20.00 = 0.00 + -20.00 + 0.00 446 
  3FFBDA44 I |    33816 | drive |        main.cpp: 225 |  ovfl : 0 busyPop : 0 busyPush : 0 threadQovfl : 0  
  3FFBDA44 I |    33944 | drive |       Servo.cpp: 105 | angle 0/-40 = 0.00 => pwm : -20.00 = 0.00 + -20.00 + 0.00 446 
  3FFBDA44 I |    34947 | drive |       Servo.cpp: 105 | angle 0/-40 = 0.00 => pwm : -20.00 = 0.00 + -20.00 + 0.00 460 
  3FFBDA44 I |    35961 | drive |       Servo.cpp: 105 | angle 0/-40 = 0.00 => pwm : -20.00 = 0.00 + -20.00 + 0.00 446 
  3FFBDA44 W |    35962 | drive |    NanoAkka.cpp:  81 | Timer [3FFCEAE0] request slow 14 msec on thread 'main'
  3FFBDA44 I |    36816 | drive |        main.cpp: 225 |  ovfl : 0 busyPop : 0 busyPush : 0 threadQovfl : 0  
  3FFBDA44 I |    36964 | drive |       Servo.cpp: 105 | angle 0/-40 = 0.00 => pwm : -20.00 = 0.00 + -20.00 + 0.00 447 
  3FFBDA44 I |    37967 | drive |       Servo.cpp: 105 | angle 0/-40 = 0.00 => pwm : -20.00 = 0.00 + -20.00 + 0.00 446 
  3FFBDA44 I |    38970 | drive |       Servo.cpp: 105 | angle 0/-40 = 0.00 => pwm : -20.00 = 0.00 + -20.00 + 0.00 446 
  3FFBDA44 I |    39816 | drive |        main.cpp: 225 |  ovfl : 0 busyPop : 0 busyPush : 0 threadQovfl : 0  
  3FFBDA44 I |    39973 | drive |       Servo.cpp: 105 | angle 0/-40 = 0.00 => pwm : -20.00 = 0.00 + -20.00 + 0.00 460 
  3FFBDA44 W |    40829 | drive |    NanoAkka.cpp:  81 | Timer [3FFCEB10] request slow 11 msec on thread 'main'
  3FFBDA44 I |    40977 | drive |       Servo.cpp: 105 | angle 0/-40 = 0.00 => pwm : -20.00 = 0.00 + -20.00 + 0.00 446 
  3FFBDA44 I |    41982 | drive |       Servo.cpp: 105 | angle 0/-40 = 0.00 => pwm : -20.00 = 0.00 + -20.00 + 0.00 447 
  3FFBDA44 I |    42816 | drive |        main.cpp: 225 |  ovfl : 0 busyPop : 0 busyPush : 0 threadQovfl : 0  
  3FFBDA44 I |    42985 | drive |       Servo.cpp: 105 | angle 0/-40 = 0.00 => pwm : -20.00 = 0.00 + -20.00 + 0.00 446 
  3FFBDA44 I |    43989 | drive |       Servo.cpp: 105 | angle 0/-40 = 0.00 => pwm : -20.00 = 0.00 + -20.00 + 0.00 447 
  3FFBDA44 I |    44992 | drive |       Servo.cpp: 105 | angle 1/-40 = 0.00 => pwm : -20.00 = 0.00 + -20.00 + -0.00 449 
  3FFBDA44 I |    45816 | drive |        main.cpp: 225 |  ovfl : 0 busyPop : 0 busyPush : 0 threadQovfl : 0  
  3FFBDA44 I |    45997 | drive |       Servo.cpp: 105 | angle 0/-40 = 0.00 => pwm : -20.00 = 0.00 + -20.00 + 0.00 446 
  3FFBDA44 I |    47001 | drive |       Servo.cpp: 105 | angle 0/-40 = 0.00 => pwm : -20.00 = 0.00 + -20.00 + 0.00 446 
  3FFBDA44 I |    48005 | drive |       Servo.cpp: 105 | angle 0/-40 = 0.00 => pwm : -20.00 = 0.00 + -20.00 + 0.00 447 
  3FFBDA44 I |    48816 | drive |        main.cpp: 225 |  ovfl : 0 busyPop : 0 busyPush : 0 threadQovfl : 0  
  3FFBDA44 I |    49010 | drive |       Servo.cpp: 105 | angle 0/-40 = 0.00 => pwm : -20.00 = 0.00 + -20.00 + 0.00 447 
